<?xml version="1.0" encoding="UTF-8"?>
<testng-results ignored="0" total="1" passed="1" failed="0" skipped="0">
  <reporter-output>
  </reporter-output>
  <suite started-at="2021-09-23T09:04:18 IST" name="Default suite" finished-at="2021-09-23T09:04:21 IST" duration-ms="2542">
    <groups>
    </groups>
    <test started-at="2021-09-23T09:04:18 IST" name="Default test" finished-at="2021-09-23T09:04:21 IST" duration-ms="2542">
      <class name="api.Test1_GET">
        <test-method signature="getopration()[pri:0, instance:api.Test1_GET@d21a74c]" started-at="2021-09-23T09:04:18 IST" name="getopration" finished-at="2021-09-23T09:04:21 IST" duration-ms="2475" status="PASS">
          <reporter-output>
          </reporter-output>
        </test-method> <!-- getopration -->
      </class> <!-- api.Test1_GET -->
    </test> <!-- Default test -->
  </suite> <!-- Default suite -->
</testng-results>
